<?xml version="1.0" encoding="UTF-8"?>
<!-- Generated by org.testng.reporters.JUnitXMLReporter -->
<testsuite ignored="0" hostname="LAPTOP-RV2KM6DG" failures="0" tests="5" name="DemoBlaze" time="138.526" errors="0" timestamp="2021-03-12T22:29:31 CST">
  <testcase classname="test.Test_Cart" name="MakeOrder" time="86.311"/>
  <testcase classname="test.Test_Cart" name="removeProductsCard" time="19.882"/>
  <testcase classname="test.Test_Cart" name="testAddCard" time="9.366"/>
  <testcase classname="test.Test_Login" name="credencialesInvalidas" time="1.742"/>
  <testcase classname="test.Test_Login" name="credencialesValidas" time="2.339"/>
</testsuite> <!-- DemoBlaze -->
