<?xml version="1.0" encoding="UTF-8"?>
<!-- Generated by org.testng.reporters.JUnitXMLReporter -->
<testsuite ignored="0" hostname="LAPTOP-RV2KM6DG" failures="0" tests="3" name="Default test" time="64.161" errors="0" timestamp="2021-03-12T22:25:00 CST">
  <testcase classname="test.Test_Cart" name="MakeOrder" time="21.875"/>
  <testcase classname="test.Test_Cart" name="removeProductsCard" time="20.718"/>
  <testcase classname="test.Test_Cart" name="testAddCard" time="9.449"/>
</testsuite> <!-- Default test -->
