<?xml version="1.0" encoding="UTF-8"?>
<testng-results ignored="0" total="1" passed="1" failed="0" skipped="0">
  <reporter-output>
  </reporter-output>
  <suite started-at="2021-02-26T21:52:42 CST" name="Default suite" finished-at="2021-02-26T21:52:47 CST" duration-ms="4667">
    <groups>
    </groups>
    <test started-at="2021-02-26T21:52:42 CST" name="Default test" finished-at="2021-02-26T21:52:47 CST" duration-ms="4667">
      <class name="test.Test_Login">
        <test-method signature="testLogin()[pri:0, instance:test.Test_Login@503d687a]" started-at="2021-02-26T21:52:43 CST" name="testLogin" finished-at="2021-02-26T21:52:47 CST" duration-ms="4620" status="PASS">
          <reporter-output>
          </reporter-output>
        </test-method> <!-- testLogin -->
      </class> <!-- test.Test_Login -->
    </test> <!-- Default test -->
  </suite> <!-- Default suite -->
</testng-results>
